[0m21:09:36.748369 [debug] [MainThread]: Sending event: {'category': 'dbt', 'action': 'invocation', 'label': 'start', 'context': [<snowplow_tracker.self_describing_json.SelfDescribingJson object at 0x0000020E09FA2F50>, <snowplow_tracker.self_describing_json.SelfDescribingJson object at 0x0000020E0B2DBD60>, <snowplow_tracker.self_describing_json.SelfDescribingJson object at 0x0000020E0B2DBFA0>]}


============================== 21:09:36.754674 | c76333d8-f1ab-4e41-b62e-2049d8b88c6c ==============================
[0m21:09:36.754674 [info ] [MainThread]: Running with dbt=1.10.6
[0m21:09:36.754674 [debug] [MainThread]: running dbt with arguments {'printer_width': '80', 'indirect_selection': 'eager', 'log_cache_events': 'False', 'write_json': 'True', 'partial_parse': 'True', 'cache_selected_only': 'False', 'profiles_dir': 'C:\\Users\\ayush\\.dbt', 'version_check': 'True', 'warn_error': 'False', 'log_path': 'logs', 'fail_fast': 'False', 'debug': 'False', 'use_colors': 'True', 'use_experimental_parser': 'False', 'empty': 'None', 'quiet': 'False', 'no_print': 'None', 'log_format': 'default', 'static_parser': 'True', 'invocation_command': 'dbt debug', 'introspect': 'True', 'target_path': 'None', 'warn_error_options': 'WarnErrorOptionsV2(error=[], warn=[], silence=[])', 'send_anonymous_usage_stats': 'True'}
[0m21:09:36.783304 [info ] [MainThread]: dbt version: 1.10.6
[0m21:09:36.783304 [info ] [MainThread]: python version: 3.10.11
[0m21:09:36.783304 [info ] [MainThread]: python path: C:\Users\ayush\AppData\Local\Programs\Python\Python310\python.exe
[0m21:09:36.786761 [info ] [MainThread]: os info: Windows-10-10.0.26100-SP0
[0m21:09:36.786761 [info ] [MainThread]: Using profiles dir at C:\Users\ayush\.dbt
[0m21:09:36.788183 [info ] [MainThread]: Using profiles.yml file at C:\Users\ayush\.dbt\profiles.yml
[0m21:09:36.788183 [info ] [MainThread]: Using dbt_project.yml file at C:\Users\ayush\OneDrive\Desktop\E-Commerce Project(Airflow+Snowflake+dbt)\dbt_project.yml
[0m21:09:36.789241 [info ] [MainThread]: Configuration:
[0m21:09:36.789241 [info ] [MainThread]:   profiles.yml file [[31mERROR not found[0m]
[0m21:09:36.790238 [info ] [MainThread]:   dbt_project.yml file [[31mERROR not found[0m]
[0m21:09:36.790238 [info ] [MainThread]: Required dependencies:
[0m21:09:36.791239 [debug] [MainThread]: Executing "git --help"
[0m21:09:36.867471 [debug] [MainThread]: STDOUT: "b"usage: git [-v | --version] [-h | --help] [-C <path>] [-c <name>=<value>]\n           [--exec-path[=<path>]] [--html-path] [--man-path] [--info-path]\n           [-p | --paginate | -P | --no-pager] [--no-replace-objects] [--no-lazy-fetch]\n           [--no-optional-locks] [--no-advice] [--bare] [--git-dir=<path>]\n           [--work-tree=<path>] [--namespace=<name>] [--config-env=<name>=<envvar>]\n           <command> [<args>]\n\nThese are common Git commands used in various situations:\n\nstart a working area (see also: git help tutorial)\n   clone     Clone a repository into a new directory\n   init      Create an empty Git repository or reinitialize an existing one\n\nwork on the current change (see also: git help everyday)\n   add       Add file contents to the index\n   mv        Move or rename a file, a directory, or a symlink\n   restore   Restore working tree files\n   rm        Remove files from the working tree and from the index\n\nexamine the history and state (see also: git help revisions)\n   bisect    Use binary search to find the commit that introduced a bug\n   diff      Show changes between commits, commit and working tree, etc\n   grep      Print lines matching a pattern\n   log       Show commit logs\n   show      Show various types of objects\n   status    Show the working tree status\n\ngrow, mark and tweak your common history\n   branch    List, create, or delete branches\n   commit    Record changes to the repository\n   merge     Join two or more development histories together\n   rebase    Reapply commits on top of another base tip\n   reset     Reset current HEAD to the specified state\n   switch    Switch branches\n   tag       Create, list, delete or verify a tag object signed with GPG\n\ncollaborate (see also: git help workflows)\n   fetch     Download objects and refs from another repository\n   pull      Fetch from and integrate with another repository or a local branch\n   push      Update remote refs along with associated objects\n\n'git help -a' and 'git help -g' list available subcommands and some\nconcept guides. See 'git help <command>' or 'git help <concept>'\nto read about a specific subcommand or concept.\nSee 'git help git' for an overview of the system.\n""
[0m21:09:36.868119 [debug] [MainThread]: STDERR: "b''"
[0m21:09:36.868119 [info ] [MainThread]:  - git [[32mOK found[0m]

[0m21:09:36.868119 [info ] [MainThread]: Connection test skipped since no profile was found
[0m21:09:36.868119 [info ] [MainThread]: [31m2 checks failed:[0m
[0m21:09:36.868119 [info ] [MainThread]: dbt looked for a profiles.yml file in C:\Users\ayush\.dbt\profiles.yml, but did
not find one. For more information on configuring your profile, consult the
documentation:

https://docs.getdbt.com/docs/configure-your-profile


[0m21:09:36.868119 [info ] [MainThread]: Project loading failed for the following reason:
 project path <C:\Users\ayush\OneDrive\Desktop\E-Commerce Project(Airflow+Snowflake+dbt)\dbt_project.yml> not found

[0m21:09:36.872055 [debug] [MainThread]: Command `dbt debug` failed at 21:09:36.872055 after 0.21 seconds
[0m21:09:36.872055 [debug] [MainThread]: Sending event: {'category': 'dbt', 'action': 'invocation', 'label': 'end', 'context': [<snowplow_tracker.self_describing_json.SelfDescribingJson object at 0x0000020E09FA2F50>, <snowplow_tracker.self_describing_json.SelfDescribingJson object at 0x0000020E0B2D8190>, <snowplow_tracker.self_describing_json.SelfDescribingJson object at 0x0000020E0B2CDEA0>]}
[0m21:09:36.872055 [debug] [MainThread]: Flushing usage events
[0m21:09:38.022886 [debug] [MainThread]: An error was encountered while trying to flush usage events
[0m21:11:06.797211 [debug] [MainThread]: Sending event: {'category': 'dbt', 'action': 'invocation', 'label': 'start', 'context': [<snowplow_tracker.self_describing_json.SelfDescribingJson object at 0x000002AE08B72EF0>, <snowplow_tracker.self_describing_json.SelfDescribingJson object at 0x000002AE09EA7DF0>, <snowplow_tracker.self_describing_json.SelfDescribingJson object at 0x000002AE09EA40D0>]}


============================== 21:11:06.797211 | 580a10be-2b20-4f2c-bd32-4137942a5e45 ==============================
[0m21:11:06.797211 [info ] [MainThread]: Running with dbt=1.10.6
[0m21:11:06.797211 [debug] [MainThread]: running dbt with arguments {'printer_width': '80', 'indirect_selection': 'eager', 'log_cache_events': 'False', 'write_json': 'True', 'partial_parse': 'True', 'cache_selected_only': 'False', 'warn_error': 'False', 'debug': 'False', 'fail_fast': 'False', 'log_path': 'logs', 'profiles_dir': 'C:\\Users\\ayush\\.dbt', 'version_check': 'True', 'use_colors': 'True', 'use_experimental_parser': 'False', 'no_print': 'None', 'quiet': 'False', 'empty': 'None', 'log_format': 'default', 'introspect': 'True', 'warn_error_options': 'WarnErrorOptionsV2(error=[], warn=[], silence=[])', 'static_parser': 'True', 'target_path': 'None', 'invocation_command': 'dbt init ecommerce_project', 'send_anonymous_usage_stats': 'True'}
[0m21:11:06.813021 [info ] [MainThread]: Creating dbt configuration folder at C:\Users\ayush\.dbt
[0m21:11:06.830858 [debug] [MainThread]: Starter project path: C:\Users\ayush\AppData\Local\Programs\Python\Python310\lib\site-packages\dbt\include\starter_project
[0m21:11:06.903764 [info ] [MainThread]: 
Your new dbt project "ecommerce_project" was created!

For more information on how to configure the profiles.yml file,
please consult the dbt documentation here:

  https://docs.getdbt.com/docs/configure-your-profile

One more thing:

Need help? Don't hesitate to reach out to us via GitHub issues or on Slack:

  https://community.getdbt.com/

Happy modeling!

[0m21:11:06.905774 [info ] [MainThread]: Setting up your profile.
[0m10:06:54.030230 [debug] [MainThread]: Sending event: {'category': 'dbt', 'action': 'invocation', 'label': 'start', 'context': [<snowplow_tracker.self_describing_json.SelfDescribingJson object at 0x000001847B982EF0>, <snowplow_tracker.self_describing_json.SelfDescribingJson object at 0x000001847CCB7CD0>, <snowplow_tracker.self_describing_json.SelfDescribingJson object at 0x000001847CCB7F40>]}


============================== 10:06:54.049459 | 9948ccfb-a92e-416a-a122-081125f010b5 ==============================
[0m10:06:54.049459 [info ] [MainThread]: Running with dbt=1.10.6
[0m10:06:54.049459 [debug] [MainThread]: running dbt with arguments {'printer_width': '80', 'indirect_selection': 'eager', 'log_cache_events': 'False', 'write_json': 'True', 'partial_parse': 'True', 'cache_selected_only': 'False', 'warn_error': 'False', 'debug': 'False', 'fail_fast': 'False', 'log_path': 'logs', 'version_check': 'True', 'profiles_dir': 'C:\\Users\\ayush\\.dbt', 'use_colors': 'True', 'use_experimental_parser': 'False', 'empty': 'None', 'quiet': 'False', 'no_print': 'None', 'warn_error_options': 'WarnErrorOptionsV2(error=[], warn=[], silence=[])', 'invocation_command': 'dbt debug', 'static_parser': 'True', 'introspect': 'True', 'target_path': 'None', 'log_format': 'default', 'send_anonymous_usage_stats': 'True'}
[0m10:06:54.086360 [info ] [MainThread]: dbt version: 1.10.6
[0m10:06:54.094856 [info ] [MainThread]: python version: 3.10.11
[0m10:06:54.094856 [info ] [MainThread]: python path: C:\Users\ayush\AppData\Local\Programs\Python\Python310\python.exe
[0m10:06:54.094856 [info ] [MainThread]: os info: Windows-10-10.0.26100-SP0
[0m10:06:58.298426 [info ] [MainThread]: Using profiles dir at C:\Users\ayush\.dbt
[0m10:06:58.302542 [info ] [MainThread]: Using profiles.yml file at C:\Users\ayush\.dbt\profiles.yml
[0m10:06:58.302542 [info ] [MainThread]: Using dbt_project.yml file at C:\Users\ayush\OneDrive\Desktop\E-Commerce Project(Airflow+Snowflake+dbt)\dbt_project.yml
[0m10:06:58.305517 [info ] [MainThread]: adapter type: snowflake
[0m10:06:58.305517 [info ] [MainThread]: adapter version: 1.10.0
[0m10:06:58.308099 [info ] [MainThread]: Configuration:
[0m10:06:58.309257 [info ] [MainThread]:   profiles.yml file [[32mOK found and valid[0m]
[0m10:06:58.309257 [info ] [MainThread]:   dbt_project.yml file [[31mERROR not found[0m]
[0m10:06:58.311029 [info ] [MainThread]: Required dependencies:
[0m10:06:58.312108 [debug] [MainThread]: Executing "git --help"
[0m10:06:58.399574 [debug] [MainThread]: STDOUT: "b"usage: git [-v | --version] [-h | --help] [-C <path>] [-c <name>=<value>]\n           [--exec-path[=<path>]] [--html-path] [--man-path] [--info-path]\n           [-p | --paginate | -P | --no-pager] [--no-replace-objects] [--no-lazy-fetch]\n           [--no-optional-locks] [--no-advice] [--bare] [--git-dir=<path>]\n           [--work-tree=<path>] [--namespace=<name>] [--config-env=<name>=<envvar>]\n           <command> [<args>]\n\nThese are common Git commands used in various situations:\n\nstart a working area (see also: git help tutorial)\n   clone     Clone a repository into a new directory\n   init      Create an empty Git repository or reinitialize an existing one\n\nwork on the current change (see also: git help everyday)\n   add       Add file contents to the index\n   mv        Move or rename a file, a directory, or a symlink\n   restore   Restore working tree files\n   rm        Remove files from the working tree and from the index\n\nexamine the history and state (see also: git help revisions)\n   bisect    Use binary search to find the commit that introduced a bug\n   diff      Show changes between commits, commit and working tree, etc\n   grep      Print lines matching a pattern\n   log       Show commit logs\n   show      Show various types of objects\n   status    Show the working tree status\n\ngrow, mark and tweak your common history\n   branch    List, create, or delete branches\n   commit    Record changes to the repository\n   merge     Join two or more development histories together\n   rebase    Reapply commits on top of another base tip\n   reset     Reset current HEAD to the specified state\n   switch    Switch branches\n   tag       Create, list, delete or verify a tag object signed with GPG\n\ncollaborate (see also: git help workflows)\n   fetch     Download objects and refs from another repository\n   pull      Fetch from and integrate with another repository or a local branch\n   push      Update remote refs along with associated objects\n\n'git help -a' and 'git help -g' list available subcommands and some\nconcept guides. See 'git help <command>' or 'git help <concept>'\nto read about a specific subcommand or concept.\nSee 'git help git' for an overview of the system.\n""
[0m10:06:58.399574 [debug] [MainThread]: STDERR: "b''"
[0m10:06:58.399574 [info ] [MainThread]:  - git [[32mOK found[0m]

[0m10:06:58.399574 [info ] [MainThread]: Connection:
[0m10:06:58.399574 [info ] [MainThread]:   account: XAXKNSR-HW11441
[0m10:06:58.402649 [info ] [MainThread]:   user: AYUSHFULSUNDAR24
[0m10:06:58.403522 [info ] [MainThread]:   database: ECOMMERCE_DB
[0m10:06:58.403522 [info ] [MainThread]:   warehouse: COMPUTE_WH
[0m10:06:58.405036 [info ] [MainThread]:   role: ACCOUNTADMIN
[0m10:06:58.405036 [info ] [MainThread]:   schema: analytics
[0m10:06:58.405036 [info ] [MainThread]:   authenticator: None
[0m10:06:58.407294 [info ] [MainThread]:   oauth_client_id: None
[0m10:06:58.407866 [info ] [MainThread]:   query_tag: None
[0m10:06:58.407866 [info ] [MainThread]:   client_session_keep_alive: False
[0m10:06:58.407866 [info ] [MainThread]:   host: None
[0m10:06:58.410905 [info ] [MainThread]:   port: None
[0m10:06:58.410905 [info ] [MainThread]:   proxy_host: None
[0m10:06:58.412861 [info ] [MainThread]:   proxy_port: None
[0m10:06:58.414921 [info ] [MainThread]:   protocol: None
[0m10:06:58.414921 [info ] [MainThread]:   connect_retries: 1
[0m10:06:58.414921 [info ] [MainThread]:   connect_timeout: None
[0m10:06:58.414921 [info ] [MainThread]:   retry_on_database_errors: False
[0m10:06:58.414921 [info ] [MainThread]:   retry_all: False
[0m10:06:58.418979 [info ] [MainThread]:   insecure_mode: False
[0m10:06:58.419682 [info ] [MainThread]:   reuse_connections: True
[0m10:06:58.419682 [info ] [MainThread]:   s3_stage_vpce_dns_name: None
[0m10:06:58.422253 [info ] [MainThread]: Registered adapter: snowflake=1.10.0
[0m10:06:58.911577 [debug] [MainThread]: Acquiring new snowflake connection 'debug'
[0m10:07:02.598158 [debug] [MainThread]: Using snowflake connection "debug"
[0m10:07:02.598158 [debug] [MainThread]: On debug: select 1 as id
[0m10:07:02.598158 [debug] [MainThread]: Opening a new connection, currently in state init
[0m10:07:04.131719 [debug] [MainThread]: SQL status: SUCCESS 1 in 1.529 seconds
[0m10:07:04.131719 [info ] [MainThread]:   Connection test: [[32mOK connection ok[0m]

[0m10:07:04.131719 [info ] [MainThread]: [31m1 check failed:[0m
[0m10:07:04.131719 [info ] [MainThread]: Project loading failed for the following reason:
 project path <C:\Users\ayush\OneDrive\Desktop\E-Commerce Project(Airflow+Snowflake+dbt)\dbt_project.yml> not found

[0m10:07:04.131719 [debug] [MainThread]: Command `dbt debug` failed at 10:07:04.131719 after 10.19 seconds
[0m10:07:04.131719 [debug] [MainThread]: Connection 'debug' was left open.
[0m10:07:04.131719 [debug] [MainThread]: On debug: Close
[0m10:07:04.264762 [debug] [MainThread]: Sending event: {'category': 'dbt', 'action': 'invocation', 'label': 'end', 'context': [<snowplow_tracker.self_describing_json.SelfDescribingJson object at 0x000001847B982EF0>, <snowplow_tracker.self_describing_json.SelfDescribingJson object at 0x000001841D0627D0>, <snowplow_tracker.self_describing_json.SelfDescribingJson object at 0x000001841D79BAC0>]}
[0m10:07:04.264762 [debug] [MainThread]: Flushing usage events
[0m10:07:07.062605 [debug] [MainThread]: An error was encountered while trying to flush usage events
